  Camera.cpp
C:\Users\u5684282\Desktop\Witch Survivor\Camera.cpp(25,37): warning C4018: “>”: 有符号/无符号不匹配
C:\Users\u5684282\Desktop\Witch Survivor\Camera.cpp(26,38): warning C4018: “>”: 有符号/无符号不匹配
  Constants.cpp
  Gameobject.cpp
C:\Users\u5684282\Desktop\Witch Survivor\Gameobject.cpp(73,32): warning C4018: “<”: 有符号/无符号不匹配
C:\Users\u5684282\Desktop\Witch Survivor\Gameobject.cpp(74,36): warning C4018: “<”: 有符号/无符号不匹配
C:\Users\u5684282\Desktop\Witch Survivor\Gameobject.cpp(82,23): warning C4018: “<=”: 有符号/无符号不匹配
  Gamestate.cpp
  main.cpp
C:\Users\u5684282\Desktop\Witch Survivor\main.cpp(98,56): warning C4838: 从“unsigned int”转换到“int”需要收缩转换
C:\Users\u5684282\Desktop\Witch Survivor\main.cpp(98,99): warning C4838: 从“unsigned int”转换到“int”需要收缩转换
C:\Users\u5684282\Desktop\Witch Survivor\main.cpp(99,59): warning C4838: 从“unsigned int”转换到“int”需要收缩转换
C:\Users\u5684282\Desktop\Witch Survivor\main.cpp(99,107): warning C4838: 从“unsigned int”转换到“int”需要收缩转换
C:\Users\u5684282\Desktop\Witch Survivor\main.cpp(149,27): warning C4018: “<”: 有符号/无符号不匹配
C:\Users\u5684282\Desktop\Witch Survivor\main.cpp(149,64): warning C4018: “<”: 有符号/无符号不匹配
  NPC.cpp
C:\Users\u5684282\Desktop\Witch Survivor\NPC.cpp(45,12): warning C4244: “return”: 从“const float”转换到“int”，可能丢失数据
C:\Users\u5684282\Desktop\Witch Survivor\NPC.cpp(60,17): warning C4244: “初始化”: 从“int”转换到“float”，可能丢失数据
C:\Users\u5684282\Desktop\Witch Survivor\NPC.cpp(61,17): warning C4244: “初始化”: 从“int”转换到“float”，可能丢失数据
C:\Users\u5684282\Desktop\Witch Survivor\NPC.cpp(89,24): warning C4244: “参数”: 从“int”转换到“float”，可能丢失数据
  NPCmanager.cpp
C:\Users\u5684282\Desktop\Witch Survivor\NPCmanager.cpp(55,37): warning C4018: “>=”: 有符号/无符号不匹配
C:\Users\u5684282\Desktop\Witch Survivor\NPCmanager.cpp(56,35): warning C4018: “>=”: 有符号/无符号不匹配
  Player.cpp
  Projectile.cpp
C:\Users\u5684282\Desktop\Witch Survivor\Projectile.cpp(31,21): warning C4244: “初始化”: 从“int”转换到“float”，可能丢失数据
C:\Users\u5684282\Desktop\Witch Survivor\Projectile.cpp(32,21): warning C4244: “初始化”: 从“int”转换到“float”，可能丢失数据
  Projsmanager.cpp
  Tileset.cpp
  Utils.cpp
C:\Users\u5684282\Desktop\Witch Survivor\Utils.cpp(34,27): warning C4018: “<”: 有符号/无符号不匹配
C:\Users\u5684282\Desktop\Witch Survivor\Utils.cpp(34,64): warning C4018: “<”: 有符号/无符号不匹配
  World.cpp
  正在生成代码...
C:\Users\u5684282\Desktop\Witch Survivor\Player.cpp(29): warning C4715: “Player::operator=”: 不是所有的控件路径都返回值
C:\Users\u5684282\Desktop\Witch Survivor\NPC.cpp(38): warning C4715: “NPC::operator=”: 不是所有的控件路径都返回值
  Assiaginment3.vcxproj -> C:\Users\u5684282\Desktop\Witch Survivor\x64\Debug\WitchSurvivor.exe
