  main.cpp
C:\Users\u5684282\Desktop\Witch Survivor\.cpp\main.cpp(98,56): warning C4838: 从“unsigned int”转换到“int”需要收缩转换
C:\Users\u5684282\Desktop\Witch Survivor\.cpp\main.cpp(98,99): warning C4838: 从“unsigned int”转换到“int”需要收缩转换
C:\Users\u5684282\Desktop\Witch Survivor\.cpp\main.cpp(99,59): warning C4838: 从“unsigned int”转换到“int”需要收缩转换
C:\Users\u5684282\Desktop\Witch Survivor\.cpp\main.cpp(99,107): warning C4838: 从“unsigned int”转换到“int”需要收缩转换
C:\Users\u5684282\Desktop\Witch Survivor\.cpp\main.cpp(149,27): warning C4018: “<”: 有符号/无符号不匹配
C:\Users\u5684282\Desktop\Witch Survivor\.cpp\main.cpp(149,64): warning C4018: “<”: 有符号/无符号不匹配
  NPC.cpp
C:\Users\u5684282\Desktop\Witch Survivor\.cpp\NPC.cpp(45,12): warning C4244: “return”: 从“const float”转换到“int”，可能丢失数据
C:\Users\u5684282\Desktop\Witch Survivor\.cpp\NPC.cpp(60,17): warning C4244: “初始化”: 从“int”转换到“float”，可能丢失数据
C:\Users\u5684282\Desktop\Witch Survivor\.cpp\NPC.cpp(61,17): warning C4244: “初始化”: 从“int”转换到“float”，可能丢失数据
C:\Users\u5684282\Desktop\Witch Survivor\.cpp\NPC.cpp(89,24): warning C4244: “参数”: 从“int”转换到“float”，可能丢失数据
  Player.cpp
  Projectile.cpp
C:\Users\u5684282\Desktop\Witch Survivor\.cpp\Projectile.cpp(31,21): warning C4244: “初始化”: 从“int”转换到“float”，可能丢失数据
C:\Users\u5684282\Desktop\Witch Survivor\.cpp\Projectile.cpp(32,21): warning C4244: “初始化”: 从“int”转换到“float”，可能丢失数据
  Utils.cpp
C:\Users\u5684282\Desktop\Witch Survivor\.cpp\Utils.cpp(34,27): warning C4018: “<”: 有符号/无符号不匹配
C:\Users\u5684282\Desktop\Witch Survivor\.cpp\Utils.cpp(34,64): warning C4018: “<”: 有符号/无符号不匹配
  World.cpp
  正在生成代码...
C:\Users\u5684282\Desktop\Witch Survivor\.cpp\Player.cpp(29): warning C4715: “Player::operator=”: 不是所有的控件路径都返回值
C:\Users\u5684282\Desktop\Witch Survivor\.cpp\NPC.cpp(38): warning C4715: “NPC::operator=”: 不是所有的控件路径都返回值
  WitchSurvivor.vcxproj -> C:\Users\u5684282\Desktop\Witch Survivor\x64\Debug\WitchSurvivor.exe
